[0.091s] DEBUG:colcon:Command line arguments: ['/usr/bin/colcon', 'build', '--symlink-install']
[0.091s] DEBUG:colcon:Parsed command line arguments: Namespace(log_base=None, log_level=None, verb_name='build', build_base='build', install_base='install', merge_install=False, symlink_install=True, test_result_base=None, continue_on_error=False, executor='parallel', parallel_workers=12, event_handlers=None, ignore_user_meta=False, metas=['./colcon.meta'], base_paths=['.'], packages_ignore=None, packages_ignore_regex=None, paths=None, packages_up_to=None, packages_up_to_regex=None, packages_above=None, packages_above_and_dependencies=None, packages_above_depth=None, packages_select_by_dep=None, packages_skip_by_dep=None, packages_skip_up_to=None, packages_select_build_failed=False, packages_skip_build_finished=False, packages_select_test_failures=False, packages_skip_test_passed=False, packages_select=None, packages_skip=None, packages_select_regex=None, packages_skip_regex=None, packages_start=None, packages_end=None, allow_overriding=[], cmake_args=None, cmake_target=None, cmake_target_skip_unavailable=False, cmake_clean_cache=False, cmake_clean_first=False, cmake_force_configure=False, ament_cmake_args=None, catkin_cmake_args=None, catkin_skip_building_tests=False, verb_parser=<colcon_defaults.argument_parser.defaults.DefaultArgumentsDecorator object at 0x7040b9730dc0>, verb_extension=<colcon_core.verb.build.BuildVerb object at 0x7040b98a2680>, main=<bound method BuildVerb.main of <colcon_core.verb.build.BuildVerb object at 0x7040b98a2680>>)
[0.205s] Level 1:colcon.colcon_core.package_discovery:discover_packages(colcon_meta) check parameters
[0.205s] Level 1:colcon.colcon_core.package_discovery:discover_packages(recursive) check parameters
[0.205s] Level 1:colcon.colcon_core.package_discovery:discover_packages(ignore) check parameters
[0.205s] Level 1:colcon.colcon_core.package_discovery:discover_packages(path) check parameters
[0.205s] Level 1:colcon.colcon_core.package_discovery:discover_packages(colcon_meta) discover
[0.205s] Level 1:colcon.colcon_core.package_discovery:discover_packages(recursive) discover
[0.205s] INFO:colcon.colcon_core.package_discovery:Crawling recursively for packages in '/home/santi/dev_ws/src/rover'
[0.205s] Level 1:colcon.colcon_core.package_identification:_identify(.) by extensions ['ignore', 'ignore_ament_install']
[0.205s] Level 1:colcon.colcon_core.package_identification:_identify(.) by extension 'ignore'
[0.205s] Level 1:colcon.colcon_core.package_identification:_identify(.) by extension 'ignore_ament_install'
[0.205s] Level 1:colcon.colcon_core.package_identification:_identify(.) by extensions ['colcon_pkg']
[0.205s] Level 1:colcon.colcon_core.package_identification:_identify(.) by extension 'colcon_pkg'
[0.205s] Level 1:colcon.colcon_core.package_identification:_identify(.) by extensions ['colcon_meta']
[0.205s] Level 1:colcon.colcon_core.package_identification:_identify(.) by extension 'colcon_meta'
[0.205s] Level 1:colcon.colcon_core.package_identification:_identify(.) by extensions ['ros']
[0.205s] Level 1:colcon.colcon_core.package_identification:_identify(.) by extension 'ros'
[0.214s] DEBUG:colcon.colcon_core.package_identification:Package '.' with type 'ros.ament_cmake' and name 'rover'
[0.215s] Level 1:colcon.colcon_core.package_discovery:discover_packages(recursive) using defaults
[0.215s] Level 1:colcon.colcon_core.package_discovery:discover_packages(ignore) discover
[0.215s] Level 1:colcon.colcon_core.package_discovery:discover_packages(ignore) using defaults
[0.215s] Level 1:colcon.colcon_core.package_discovery:discover_packages(path) discover
[0.215s] Level 1:colcon.colcon_core.package_discovery:discover_packages(path) using defaults
[0.228s] Level 1:colcon.colcon_core.package_discovery:discover_packages(prefix_path) check parameters
[0.228s] Level 1:colcon.colcon_core.package_discovery:discover_packages(prefix_path) discover
[0.232s] DEBUG:colcon.colcon_installed_package_information.package_discovery:Found 4 installed packages in /home/santi/osr_ws/install
[0.232s] DEBUG:colcon.colcon_installed_package_information.package_discovery:Found 7 installed packages in /home/santi/robotino4-ros2/install
[0.234s] DEBUG:colcon.colcon_installed_package_information.package_discovery:Found 348 installed packages in /opt/ros/humble
[0.242s] Level 1:colcon.colcon_core.package_discovery:discover_packages(prefix_path) using defaults
[0.278s] Level 5:colcon.colcon_core.verb:set package 'rover' build argument 'cmake_args' from command line to 'None'
[0.278s] Level 5:colcon.colcon_core.verb:set package 'rover' build argument 'cmake_target' from command line to 'None'
[0.278s] Level 5:colcon.colcon_core.verb:set package 'rover' build argument 'cmake_target_skip_unavailable' from command line to 'False'
[0.278s] Level 5:colcon.colcon_core.verb:set package 'rover' build argument 'cmake_clean_cache' from command line to 'False'
[0.278s] Level 5:colcon.colcon_core.verb:set package 'rover' build argument 'cmake_clean_first' from command line to 'False'
[0.278s] Level 5:colcon.colcon_core.verb:set package 'rover' build argument 'cmake_force_configure' from command line to 'False'
[0.278s] Level 5:colcon.colcon_core.verb:set package 'rover' build argument 'ament_cmake_args' from command line to 'None'
[0.278s] Level 5:colcon.colcon_core.verb:set package 'rover' build argument 'catkin_cmake_args' from command line to 'None'
[0.278s] Level 5:colcon.colcon_core.verb:set package 'rover' build argument 'catkin_skip_building_tests' from command line to 'False'
[0.278s] DEBUG:colcon.colcon_core.verb:Building package 'rover' with the following arguments: {'ament_cmake_args': None, 'build_base': '/home/santi/dev_ws/src/rover/build/rover', 'catkin_cmake_args': None, 'catkin_skip_building_tests': False, 'cmake_args': None, 'cmake_clean_cache': False, 'cmake_clean_first': False, 'cmake_force_configure': False, 'cmake_target': None, 'cmake_target_skip_unavailable': False, 'install_base': '/home/santi/dev_ws/src/rover/install/rover', 'merge_install': False, 'path': '/home/santi/dev_ws/src/rover', 'symlink_install': True, 'test_result_base': None}
[0.278s] INFO:colcon.colcon_core.executor:Executing jobs using 'parallel' executor
[0.279s] DEBUG:colcon.colcon_parallel_executor.executor.parallel:run_until_complete
[0.279s] INFO:colcon.colcon_ros.task.ament_cmake.build:Building ROS package in '/home/santi/dev_ws/src/rover' with build type 'ament_cmake'
[0.279s] INFO:colcon.colcon_cmake.task.cmake.build:Building CMake package in '/home/santi/dev_ws/src/rover'
[0.283s] INFO:colcon.colcon_core.plugin_system:Skipping extension 'colcon_core.shell.bat': Not used on non-Windows systems
[0.283s] INFO:colcon.colcon_core.shell:Skip shell extension 'powershell' for command environment: Not usable outside of PowerShell
[0.283s] DEBUG:colcon.colcon_core.shell:Skip shell extension 'dsv' for command environment
[0.291s] DEBUG:colcon.colcon_core.event_handler.log_command:Invoking command in '/home/santi/dev_ws/src/rover/build/rover': CMAKE_PREFIX_PATH=${CMAKE_PREFIX_PATH}:/home/santi/osr_ws/install/osr_control:/home/santi/robotino4-ros2/install/robotino_rest_node:/home/santi/robotino4-ros2/install/path_planner_server:/home/santi/robotino4-ros2/install/localization_server:/opt/ros/humble /usr/bin/cmake /home/santi/dev_ws/src/rover -DAMENT_CMAKE_SYMLINK_INSTALL=1 -DCMAKE_INSTALL_PREFIX=/home/santi/dev_ws/src/rover/install/rover
[1.118s] DEBUG:colcon.colcon_core.event_handler.log_command:Invoked command in '/home/santi/dev_ws/src/rover/build/rover' returned '0': CMAKE_PREFIX_PATH=${CMAKE_PREFIX_PATH}:/home/santi/osr_ws/install/osr_control:/home/santi/robotino4-ros2/install/robotino_rest_node:/home/santi/robotino4-ros2/install/path_planner_server:/home/santi/robotino4-ros2/install/localization_server:/opt/ros/humble /usr/bin/cmake /home/santi/dev_ws/src/rover -DAMENT_CMAKE_SYMLINK_INSTALL=1 -DCMAKE_INSTALL_PREFIX=/home/santi/dev_ws/src/rover/install/rover
[1.120s] DEBUG:colcon.colcon_core.event_handler.log_command:Invoking command in '/home/santi/dev_ws/src/rover/build/rover': CMAKE_PREFIX_PATH=${CMAKE_PREFIX_PATH}:/home/santi/osr_ws/install/osr_control:/home/santi/robotino4-ros2/install/robotino_rest_node:/home/santi/robotino4-ros2/install/path_planner_server:/home/santi/robotino4-ros2/install/localization_server:/opt/ros/humble /usr/bin/cmake --build /home/santi/dev_ws/src/rover/build/rover -- -j12 -l12
[1.154s] DEBUG:colcon.colcon_core.event_handler.log_command:Invoked command in '/home/santi/dev_ws/src/rover/build/rover' returned '0': CMAKE_PREFIX_PATH=${CMAKE_PREFIX_PATH}:/home/santi/osr_ws/install/osr_control:/home/santi/robotino4-ros2/install/robotino_rest_node:/home/santi/robotino4-ros2/install/path_planner_server:/home/santi/robotino4-ros2/install/localization_server:/opt/ros/humble /usr/bin/cmake --build /home/santi/dev_ws/src/rover/build/rover -- -j12 -l12
[1.163s] DEBUG:colcon.colcon_core.event_handler.log_command:Invoking command in '/home/santi/dev_ws/src/rover/build/rover': CMAKE_PREFIX_PATH=${CMAKE_PREFIX_PATH}:/home/santi/osr_ws/install/osr_control:/home/santi/robotino4-ros2/install/robotino_rest_node:/home/santi/robotino4-ros2/install/path_planner_server:/home/santi/robotino4-ros2/install/localization_server:/opt/ros/humble /usr/bin/cmake --install /home/santi/dev_ws/src/rover/build/rover
[1.384s] Level 1:colcon.colcon_core.environment:create_environment_scripts_only(rover)
[1.385s] DEBUG:colcon.colcon_core.event_handler.log_command:Invoked command in '/home/santi/dev_ws/src/rover/build/rover' returned '0': CMAKE_PREFIX_PATH=${CMAKE_PREFIX_PATH}:/home/santi/osr_ws/install/osr_control:/home/santi/robotino4-ros2/install/robotino_rest_node:/home/santi/robotino4-ros2/install/path_planner_server:/home/santi/robotino4-ros2/install/localization_server:/opt/ros/humble /usr/bin/cmake --install /home/santi/dev_ws/src/rover/build/rover
[1.398s] Level 1:colcon.colcon_core.environment:checking '/home/santi/dev_ws/src/rover/install/rover' for CMake module files
[1.399s] Level 1:colcon.colcon_core.environment:checking '/home/santi/dev_ws/src/rover/install/rover' for CMake config files
[1.399s] Level 1:colcon.colcon_core.shell:create_environment_hook('rover', 'cmake_prefix_path')
[1.399s] INFO:colcon.colcon_core.shell:Creating environment hook '/home/santi/dev_ws/src/rover/install/rover/share/rover/hook/cmake_prefix_path.ps1'
[1.400s] INFO:colcon.colcon_core.shell:Creating environment descriptor '/home/santi/dev_ws/src/rover/install/rover/share/rover/hook/cmake_prefix_path.dsv'
[1.400s] INFO:colcon.colcon_core.shell:Creating environment hook '/home/santi/dev_ws/src/rover/install/rover/share/rover/hook/cmake_prefix_path.sh'
[1.401s] Level 1:colcon.colcon_core.environment:checking '/home/santi/dev_ws/src/rover/install/rover/bin'
[1.401s] Level 1:colcon.colcon_core.environment:checking '/home/santi/dev_ws/src/rover/install/rover/lib/pkgconfig/rover.pc'
[1.401s] Level 1:colcon.colcon_core.environment:checking '/home/santi/dev_ws/src/rover/install/rover/lib/python3.10/site-packages'
[1.401s] Level 1:colcon.colcon_core.environment:checking '/home/santi/dev_ws/src/rover/install/rover/bin'
[1.401s] INFO:colcon.colcon_core.shell:Creating package script '/home/santi/dev_ws/src/rover/install/rover/share/rover/package.ps1'
[1.402s] INFO:colcon.colcon_core.shell:Creating package descriptor '/home/santi/dev_ws/src/rover/install/rover/share/rover/package.dsv'
[1.403s] INFO:colcon.colcon_core.shell:Creating package script '/home/santi/dev_ws/src/rover/install/rover/share/rover/package.sh'
[1.403s] INFO:colcon.colcon_core.shell:Creating package script '/home/santi/dev_ws/src/rover/install/rover/share/rover/package.bash'
[1.404s] INFO:colcon.colcon_core.shell:Creating package script '/home/santi/dev_ws/src/rover/install/rover/share/rover/package.zsh'
[1.405s] Level 1:colcon.colcon_core.environment:create_file_with_runtime_dependencies(/home/santi/dev_ws/src/rover/install/rover/share/colcon-core/packages/rover)
[1.405s] Level 1:colcon.colcon_core.environment:create_environment_scripts_only(rover)
[1.405s] Level 1:colcon.colcon_core.environment:checking '/home/santi/dev_ws/src/rover/install/rover' for CMake module files
[1.405s] Level 1:colcon.colcon_core.environment:checking '/home/santi/dev_ws/src/rover/install/rover' for CMake config files
[1.406s] Level 1:colcon.colcon_core.shell:create_environment_hook('rover', 'cmake_prefix_path')
[1.406s] INFO:colcon.colcon_core.shell:Creating environment hook '/home/santi/dev_ws/src/rover/install/rover/share/rover/hook/cmake_prefix_path.ps1'
[1.406s] INFO:colcon.colcon_core.shell:Creating environment descriptor '/home/santi/dev_ws/src/rover/install/rover/share/rover/hook/cmake_prefix_path.dsv'
[1.406s] INFO:colcon.colcon_core.shell:Creating environment hook '/home/santi/dev_ws/src/rover/install/rover/share/rover/hook/cmake_prefix_path.sh'
[1.407s] Level 1:colcon.colcon_core.environment:checking '/home/santi/dev_ws/src/rover/install/rover/bin'
[1.407s] Level 1:colcon.colcon_core.environment:checking '/home/santi/dev_ws/src/rover/install/rover/lib/pkgconfig/rover.pc'
[1.407s] Level 1:colcon.colcon_core.environment:checking '/home/santi/dev_ws/src/rover/install/rover/lib/python3.10/site-packages'
[1.407s] Level 1:colcon.colcon_core.environment:checking '/home/santi/dev_ws/src/rover/install/rover/bin'
[1.407s] INFO:colcon.colcon_core.shell:Creating package script '/home/santi/dev_ws/src/rover/install/rover/share/rover/package.ps1'
[1.408s] INFO:colcon.colcon_core.shell:Creating package descriptor '/home/santi/dev_ws/src/rover/install/rover/share/rover/package.dsv'
[1.408s] INFO:colcon.colcon_core.shell:Creating package script '/home/santi/dev_ws/src/rover/install/rover/share/rover/package.sh'
[1.408s] INFO:colcon.colcon_core.shell:Creating package script '/home/santi/dev_ws/src/rover/install/rover/share/rover/package.bash'
[1.409s] INFO:colcon.colcon_core.shell:Creating package script '/home/santi/dev_ws/src/rover/install/rover/share/rover/package.zsh'
[1.409s] Level 1:colcon.colcon_core.environment:create_file_with_runtime_dependencies(/home/santi/dev_ws/src/rover/install/rover/share/colcon-core/packages/rover)
[1.409s] DEBUG:colcon.colcon_parallel_executor.executor.parallel:closing loop
[1.410s] DEBUG:colcon.colcon_parallel_executor.executor.parallel:loop closed
[1.410s] DEBUG:colcon.colcon_parallel_executor.executor.parallel:run_until_complete finished with '0'
[1.410s] DEBUG:colcon.colcon_core.event_reactor:joining thread
[1.415s] INFO:colcon.colcon_core.plugin_system:Skipping extension 'colcon_notification.desktop_notification.terminal_notifier': Not used on non-Darwin systems
[1.415s] INFO:colcon.colcon_core.plugin_system:Skipping extension 'colcon_notification.desktop_notification.win32': Not used on non-Windows systems
[1.415s] INFO:colcon.colcon_notification.desktop_notification:Sending desktop notification using 'notify2'
[1.429s] DEBUG:colcon.colcon_core.event_reactor:joined thread
[1.429s] INFO:colcon.colcon_core.shell:Creating prefix script '/home/santi/dev_ws/src/rover/install/local_setup.ps1'
[1.430s] INFO:colcon.colcon_core.shell:Creating prefix util module '/home/santi/dev_ws/src/rover/install/_local_setup_util_ps1.py'
[1.431s] INFO:colcon.colcon_core.shell:Creating prefix chain script '/home/santi/dev_ws/src/rover/install/setup.ps1'
[1.432s] INFO:colcon.colcon_core.shell:Creating prefix script '/home/santi/dev_ws/src/rover/install/local_setup.sh'
[1.433s] INFO:colcon.colcon_core.shell:Creating prefix util module '/home/santi/dev_ws/src/rover/install/_local_setup_util_sh.py'
[1.433s] INFO:colcon.colcon_core.shell:Creating prefix chain script '/home/santi/dev_ws/src/rover/install/setup.sh'
[1.434s] INFO:colcon.colcon_core.shell:Creating prefix script '/home/santi/dev_ws/src/rover/install/local_setup.bash'
[1.435s] INFO:colcon.colcon_core.shell:Creating prefix chain script '/home/santi/dev_ws/src/rover/install/setup.bash'
[1.436s] INFO:colcon.colcon_core.shell:Creating prefix script '/home/santi/dev_ws/src/rover/install/local_setup.zsh'
[1.437s] INFO:colcon.colcon_core.shell:Creating prefix chain script '/home/santi/dev_ws/src/rover/install/setup.zsh'
