[0.011s] Invoking command in '/home/santi/dev_ws/src/rover/build/rover': CMAKE_PREFIX_PATH=${CMAKE_PREFIX_PATH}:/home/santi/osr_ws/install/osr_control:/home/santi/robotino4-ros2/install/robotino_rest_node:/home/santi/robotino4-ros2/install/path_planner_server:/home/santi/robotino4-ros2/install/localization_server:/opt/ros/humble /usr/bin/cmake /home/santi/dev_ws/src/rover -DAMENT_CMAKE_SYMLINK_INSTALL=1 -DCMAKE_INSTALL_PREFIX=/home/santi/dev_ws/src/rover/install/rover
[0.187s] -- The C compiler identification is GNU 11.4.0
[0.282s] -- The CXX compiler identification is GNU 11.4.0
[0.293s] -- Detecting C compiler ABI info
[0.363s] -- Detecting C compiler ABI info - done
[0.368s] -- Check for working C compiler: /usr/bin/cc - skipped
[0.368s] -- Detecting C compile features
[0.369s] -- Detecting C compile features - done
[0.373s] -- Detecting CXX compiler ABI info
[0.447s] -- Detecting CXX compiler ABI info - done
[0.452s] -- Check for working CXX compiler: /usr/bin/c++ - skipped
[0.452s] -- Detecting CXX compile features
[0.453s] -- Detecting CXX compile features - done
[0.463s] -- Found ament_cmake: 1.3.10 (/opt/ros/humble/share/ament_cmake/cmake)
[0.584s] -- Found Python3: /usr/bin/python3 (found version "3.10.12") found components: Interpreter 
[0.638s] -- Override CMake install command with custom implementation using symlinks instead of copying resources
[0.691s] -- Found ament_lint_auto: 0.12.11 (/opt/ros/humble/share/ament_lint_auto/cmake)
[0.773s] -- Added test 'copyright' to check source files copyright and LICENSE
[0.791s] -- Added test 'cppcheck' to perform static code analysis on C / C++ code
[0.791s] -- Configured cppcheck include dirs: 
[0.791s] -- Configured cppcheck exclude dirs and/or files: 
[0.804s] -- Added test 'cpplint' to check C / C++ code against the Google style
[0.804s] -- Configured cpplint exclude dirs and/or files: 
[0.806s] -- Added test 'flake8' to check Python code syntax and style conventions
[0.810s] -- Added test 'lint_cmake' to check CMake code style
[0.812s] -- Added test 'pep257' to check Python code against some of the docstring style conventions in PEP 257
[0.825s] -- Added test 'uncrustify' to check C / C++ code style
[0.825s] -- Configured uncrustify additional arguments: 
[0.827s] -- Added test 'xmllint' to check XML markup files
[0.830s] -- Configuring done
[0.833s] -- Generating done
[0.834s] -- Build files have been written to: /home/santi/dev_ws/src/rover/build/rover
[0.838s] Invoked command in '/home/santi/dev_ws/src/rover/build/rover' returned '0': CMAKE_PREFIX_PATH=${CMAKE_PREFIX_PATH}:/home/santi/osr_ws/install/osr_control:/home/santi/robotino4-ros2/install/robotino_rest_node:/home/santi/robotino4-ros2/install/path_planner_server:/home/santi/robotino4-ros2/install/localization_server:/opt/ros/humble /usr/bin/cmake /home/santi/dev_ws/src/rover -DAMENT_CMAKE_SYMLINK_INSTALL=1 -DCMAKE_INSTALL_PREFIX=/home/santi/dev_ws/src/rover/install/rover
[0.840s] Invoking command in '/home/santi/dev_ws/src/rover/build/rover': CMAKE_PREFIX_PATH=${CMAKE_PREFIX_PATH}:/home/santi/osr_ws/install/osr_control:/home/santi/robotino4-ros2/install/robotino_rest_node:/home/santi/robotino4-ros2/install/path_planner_server:/home/santi/robotino4-ros2/install/localization_server:/opt/ros/humble /usr/bin/cmake --build /home/santi/dev_ws/src/rover/build/rover -- -j12 -l12
[0.874s] Invoked command in '/home/santi/dev_ws/src/rover/build/rover' returned '0': CMAKE_PREFIX_PATH=${CMAKE_PREFIX_PATH}:/home/santi/osr_ws/install/osr_control:/home/santi/robotino4-ros2/install/robotino_rest_node:/home/santi/robotino4-ros2/install/path_planner_server:/home/santi/robotino4-ros2/install/localization_server:/opt/ros/humble /usr/bin/cmake --build /home/santi/dev_ws/src/rover/build/rover -- -j12 -l12
[0.883s] Invoking command in '/home/santi/dev_ws/src/rover/build/rover': CMAKE_PREFIX_PATH=${CMAKE_PREFIX_PATH}:/home/santi/osr_ws/install/osr_control:/home/santi/robotino4-ros2/install/robotino_rest_node:/home/santi/robotino4-ros2/install/path_planner_server:/home/santi/robotino4-ros2/install/localization_server:/opt/ros/humble /usr/bin/cmake --install /home/santi/dev_ws/src/rover/build/rover
[0.889s] -- Install configuration: ""
[0.889s] -- Execute custom install script
[0.890s] -- Symlinking: /home/santi/dev_ws/src/rover/install/rover/share/rover/config/drive_bot.rviz
[0.898s] -- Symlinking: /home/santi/dev_ws/src/rover/install/rover/share/rover/config/empty.yaml
[0.905s] -- Symlinking: /home/santi/dev_ws/src/rover/install/rover/share/rover/config/view_bot.rviz
[0.913s] -- Symlinking: /home/santi/dev_ws/src/rover/install/rover/share/rover/description/camera.xacro
[0.920s] -- Symlinking: /home/santi/dev_ws/src/rover/install/rover/share/rover/description/gazebo_control.xacro
[0.927s] -- Symlinking: /home/santi/dev_ws/src/rover/install/rover/share/rover/description/inertial_macros.xacro
[0.935s] -- Symlinking: /home/santi/dev_ws/src/rover/install/rover/share/rover/description/lidar.xacro
[0.943s] -- Symlinking: /home/santi/dev_ws/src/rover/install/rover/share/rover/description/robot.urdf.xacro
[0.951s] -- Symlinking: /home/santi/dev_ws/src/rover/install/rover/share/rover/description/robot_core.xacro
[0.958s] -- Symlinking: /home/santi/dev_ws/src/rover/install/rover/share/rover/launch/launch_sim.launch.py
[0.966s] -- Symlinking: /home/santi/dev_ws/src/rover/install/rover/share/rover/launch/rsp.launch.py
[0.975s] -- Symlinking: /home/santi/dev_ws/src/rover/install/rover/share/rover/worlds/empty.world
[0.982s] -- Symlinking: /home/santi/dev_ws/src/rover/install/rover/share/rover/worlds/obstacles.world
[0.990s] -- Symlinking: /home/santi/dev_ws/src/rover/install/rover/share/ament_index/resource_index/package_run_dependencies/rover
[0.997s] -- Symlinking: /home/santi/dev_ws/src/rover/install/rover/share/ament_index/resource_index/parent_prefix_path/rover
[1.005s] -- Symlinking: /home/santi/dev_ws/src/rover/install/rover/share/rover/environment/ament_prefix_path.sh
[1.013s] -- Symlinking: /home/santi/dev_ws/src/rover/install/rover/share/rover/environment/ament_prefix_path.dsv
[1.020s] -- Symlinking: /home/santi/dev_ws/src/rover/install/rover/share/rover/environment/path.sh
[1.028s] -- Symlinking: /home/santi/dev_ws/src/rover/install/rover/share/rover/environment/path.dsv
[1.036s] -- Symlinking: /home/santi/dev_ws/src/rover/install/rover/share/rover/local_setup.bash
[1.044s] -- Symlinking: /home/santi/dev_ws/src/rover/install/rover/share/rover/local_setup.sh
[1.052s] -- Symlinking: /home/santi/dev_ws/src/rover/install/rover/share/rover/local_setup.zsh
[1.059s] -- Symlinking: /home/santi/dev_ws/src/rover/install/rover/share/rover/local_setup.dsv
[1.067s] -- Symlinking: /home/santi/dev_ws/src/rover/install/rover/share/rover/package.dsv
[1.074s] -- Symlinking: /home/santi/dev_ws/src/rover/install/rover/share/ament_index/resource_index/packages/rover
[1.081s] -- Symlinking: /home/santi/dev_ws/src/rover/install/rover/share/rover/cmake/roverConfig.cmake
[1.089s] -- Symlinking: /home/santi/dev_ws/src/rover/install/rover/share/rover/cmake/roverConfig-version.cmake
[1.096s] -- Symlinking: /home/santi/dev_ws/src/rover/install/rover/share/rover/package.xml
[1.105s] Invoked command in '/home/santi/dev_ws/src/rover/build/rover' returned '0': CMAKE_PREFIX_PATH=${CMAKE_PREFIX_PATH}:/home/santi/osr_ws/install/osr_control:/home/santi/robotino4-ros2/install/robotino_rest_node:/home/santi/robotino4-ros2/install/path_planner_server:/home/santi/robotino4-ros2/install/localization_server:/opt/ros/humble /usr/bin/cmake --install /home/santi/dev_ws/src/rover/build/rover
